<?xml version="1.0" encoding="UTF-8"?>
<!-- Generated by org.testng.reporters.JUnitReportReporter -->
<testsuite hostname="W-Dragon" failures="0" tests="5" name="com.test.PercentCalculator" time="58.371" errors="0" timestamp="2021-03-05T15:09:36 ICT" skipped="0">
  <testcase classname="com.test.PercentCalculator" name="testPercentCalculator" time="10.675"/>
  <system-out/>
  <testcase classname="com.test.PercentCalculator" name="testPercentCalculator" time="6.396"/>
  <system-out/>
  <testcase classname="com.test.PercentCalculator" name="testPercentCalculator" time="18.860"/>
  <system-out/>
  <testcase classname="com.test.PercentCalculator" name="testPercentCalculator" time="10.409"/>
  <system-out/>
  <testcase classname="com.test.PercentCalculator" name="testPercentCalculator" time="12.031"/>
  <system-out/>
</testsuite> <!-- com.test.PercentCalculator -->
