<?xml version="1.0" encoding="UTF-8"?>
<!-- Generated by org.testng.reporters.JUnitReportReporter -->
<testsuite hostname="W-Dragon" failures="0" tests="5" name="Tests.PercentCalculator" time="56.610" errors="0" timestamp="2021-03-04T21:50:44 ICT" skipped="0">
  <testcase classname="Tests.PercentCalculator" name="testPercentCalculator" time="9.994"/>
  <system-out/>
  <testcase classname="Tests.PercentCalculator" name="testPercentCalculator" time="12.320"/>
  <system-out/>
  <testcase classname="Tests.PercentCalculator" name="testPercentCalculator" time="11.172"/>
  <system-out/>
  <testcase classname="Tests.PercentCalculator" name="testPercentCalculator" time="12.832"/>
  <system-out/>
  <testcase classname="Tests.PercentCalculator" name="testPercentCalculator" time="10.292"/>
  <system-out/>
</testsuite> <!-- Tests.PercentCalculator -->
