<?xml version="1.0" encoding="UTF-8"?>
<!-- Generated by org.testng.reporters.JUnitReportReporter -->
<testsuite hostname="W-Dragon" failures="0" tests="4" name="com.tests.AccessToURL" time="22.440" errors="0" timestamp="2021-03-04T23:36:24 ICT" skipped="0">
  <testcase classname="com.tests.AccessToURL" name="navigate" time="3.975"/>
  <system-out/>
  <testcase classname="com.tests.AccessToURL" name="navigate" time="4.659"/>
  <system-out/>
  <testcase classname="com.tests.AccessToURL" name="navigate" time="6.391"/>
  <system-out/>
  <testcase classname="com.tests.AccessToURL" name="navigate" time="7.415"/>
  <system-out/>
</testsuite> <!-- com.tests.AccessToURL -->
