<?xml version="1.0" encoding="UTF-8"?>
<!-- Generated by org.testng.reporters.JUnitReportReporter -->
<testsuite hostname="W-Dragon" failures="0" tests="5" name="com.tests.PercentCalculator" time="29.650" errors="0" timestamp="2021-03-04T23:36:24 ICT" skipped="0">
  <testcase classname="com.tests.PercentCalculator" name="testPercentCalculator" time="5.832"/>
  <system-out/>
  <testcase classname="com.tests.PercentCalculator" name="testPercentCalculator" time="6.506"/>
  <system-out/>
  <testcase classname="com.tests.PercentCalculator" name="testPercentCalculator" time="5.822"/>
  <system-out/>
  <testcase classname="com.tests.PercentCalculator" name="testPercentCalculator" time="5.701"/>
  <system-out/>
  <testcase classname="com.tests.PercentCalculator" name="testPercentCalculator" time="5.789"/>
  <system-out/>
</testsuite> <!-- com.tests.PercentCalculator -->
