<?xml version="1.0" encoding="UTF-8"?>
<!-- Generated by org.testng.reporters.JUnitReportReporter -->
<testsuite hostname="W-Dragon" failures="0" tests="4" name="com.test.AccessToURL" time="27.943" errors="0" timestamp="2021-03-05T15:04:30 ICT" skipped="0">
  <testcase classname="com.test.AccessToURL" name="navigate" time="6.817"/>
  <system-out/>
  <testcase classname="com.test.AccessToURL" name="navigate" time="8.098"/>
  <system-out/>
  <testcase classname="com.test.AccessToURL" name="navigate" time="8.174"/>
  <system-out/>
  <testcase classname="com.test.AccessToURL" name="navigate" time="4.854"/>
  <system-out/>
</testsuite> <!-- com.test.AccessToURL -->
