<?xml version="1.0" encoding="UTF-8"?>
<!-- Generated by org.testng.reporters.JUnitReportReporter -->
<testsuite hostname="W-Dragon" failures="0" tests="4" name="Tests.AccessToURL" time="40.164" errors="0" timestamp="2021-03-04T21:50:44 ICT" skipped="0">
  <testcase classname="Tests.AccessToURL" name="navigate" time="5.061"/>
  <system-out/>
  <testcase classname="Tests.AccessToURL" name="navigate" time="19.389"/>
  <system-out/>
  <testcase classname="Tests.AccessToURL" name="navigate" time="7.852"/>
  <system-out/>
  <testcase classname="Tests.AccessToURL" name="navigate" time="7.862"/>
  <system-out/>
</testsuite> <!-- Tests.AccessToURL -->
