<?xml version="1.0" encoding="UTF-8"?>
<!-- Generated by org.testng.reporters.JUnitReportReporter -->
<testsuite hostname="W-Dragon" failures="0" tests="4" name="com.test.AccessToURL" time="23.874" errors="0" timestamp="2021-03-05T10:35:44 ICT" skipped="0">
  <testcase classname="com.test.AccessToURL" name="navigate" time="6.947"/>
  <system-out/>
  <testcase classname="com.test.AccessToURL" name="navigate" time="6.483"/>
  <system-out/>
  <testcase classname="com.test.AccessToURL" name="navigate" time="5.571"/>
  <system-out/>
  <testcase classname="com.test.AccessToURL" name="navigate" time="4.873"/>
  <system-out/>
</testsuite> <!-- com.test.AccessToURL -->
